<?xml version="1.0" encoding="UTF-8"?>
<testng-results ignored="0" total="1" passed="1" failed="0" skipped="0">
  <reporter-output>
    <line>
      <![CDATA[Learning testNG]]>
    </line>
  </reporter-output>
  <suite started-at="2024-06-13T16:51:05 EDT" name="Default suite" finished-at="2024-06-13T16:51:05 EDT" duration-ms="39">
    <groups>
    </groups>
    <test started-at="2024-06-13T16:51:05 EDT" name="Default test" finished-at="2024-06-13T16:51:05 EDT" duration-ms="39">
      <class name="testng_selenium.SampleTestClass">
        <test-method signature="test1()[pri:0, instance:testng_selenium.SampleTestClass@3bf9ce3e]" started-at="2024-06-13T16:51:05 EDT" name="test1" finished-at="2024-06-13T16:51:05 EDT" duration-ms="8" status="PASS">
          <reporter-output>
            <line>
              <![CDATA[Learning testNG]]>
            </line>
          </reporter-output>
        </test-method> <!-- test1 -->
      </class> <!-- testng_selenium.SampleTestClass -->
    </test> <!-- Default test -->
  </suite> <!-- Default suite -->
</testng-results>
